<?xml version="1.0" encoding="UTF-8"?>
<testng-results skipped="0" failed="2" total="4" passed="2">
  <reporter-output>
  </reporter-output>
  <suite name="Suite" duration-ms="50205" started-at="2021-07-30T09:46:42Z" finished-at="2021-07-30T09:47:32Z">
    <groups>
    </groups>
    <test name="TestFirst" duration-ms="50205" started-at="2021-07-30T09:46:42Z" finished-at="2021-07-30T09:47:32Z">
      <class name="dps.com.testproj.CheckBrokenLink">
        <test-method status="PASS" signature="startChromeHere()[pri:0, instance:dps.com.testproj.CheckBrokenLink@2fd6b6c7]" name="startChromeHere" is-config="true" duration-ms="219" started-at="2021-07-30T14:46:42Z" finished-at="2021-07-30T14:46:42Z">
          <reporter-output>
          </reporter-output>
        </test-method> <!-- startChromeHere -->
        <test-method status="PASS" signature="startChromeHere()[pri:0, instance:dps.com.testproj.NewTest1@4fe767f3]" name="startChromeHere" is-config="true" duration-ms="9674" started-at="2021-07-30T14:46:42Z" finished-at="2021-07-30T14:46:52Z">
          <reporter-output>
          </reporter-output>
        </test-method> <!-- startChromeHere -->
        <test-method status="PASS" signature="startFirFoxBrowser()[pri:0, instance:dps.com.testproj.NewTest2@2805c96b]" name="startFirFoxBrowser" is-config="true" duration-ms="6937" started-at="2021-07-30T14:46:52Z" finished-at="2021-07-30T14:46:59Z">
          <reporter-output>
          </reporter-output>
        </test-method> <!-- startFirFoxBrowser -->
        <test-method status="PASS" signature="startHere()[pri:0, instance:dps.com.testproj.NewTest3@184cf7cf]" name="startHere" is-config="true" duration-ms="490" started-at="2021-07-30T14:46:59Z" finished-at="2021-07-30T14:46:59Z">
          <reporter-output>
          </reporter-output>
        </test-method> <!-- startHere -->
        <test-method status="PASS" signature="newBrokenCheckLink(java.lang.String)[pri:0, instance:dps.com.testproj.CheckBrokenLink@2fd6b6c7]" name="newBrokenCheckLink" duration-ms="1617" started-at="2021-07-30T14:47:30Z" data-provider="getData" finished-at="2021-07-30T14:47:31Z">
          <params>
            <param index="0">
              <value>
                <![CDATA[https://shop.trell.co/]]>
              </value>
            </param>
          </params>
          <reporter-output>
          </reporter-output>
        </test-method> <!-- newBrokenCheckLink -->
        <test-method status="PASS" signature="quiteBrowser()[pri:0, instance:dps.com.testproj.CheckBrokenLink@2fd6b6c7]" name="quiteBrowser" is-config="true" duration-ms="937" started-at="2021-07-30T14:47:31Z" finished-at="2021-07-30T14:47:32Z">
          <reporter-output>
          </reporter-output>
        </test-method> <!-- quiteBrowser -->
        <test-method status="PASS" signature="quiteBrowser()[pri:0, instance:dps.com.testproj.NewTest1@4fe767f3]" name="quiteBrowser" is-config="true" duration-ms="15" started-at="2021-07-30T14:47:32Z" finished-at="2021-07-30T14:47:32Z">
          <reporter-output>
          </reporter-output>
        </test-method> <!-- quiteBrowser -->
        <test-method status="PASS" signature="closeFireFoxBrowser()[pri:0, instance:dps.com.testproj.NewTest2@2805c96b]" name="closeFireFoxBrowser" is-config="true" duration-ms="25" started-at="2021-07-30T14:47:32Z" finished-at="2021-07-30T14:47:32Z">
          <reporter-output>
          </reporter-output>
        </test-method> <!-- closeFireFoxBrowser -->
        <test-method status="PASS" signature="closeBrowser()[pri:0, instance:dps.com.testproj.NewTest3@184cf7cf]" name="closeBrowser" is-config="true" duration-ms="16" started-at="2021-07-30T14:47:32Z" finished-at="2021-07-30T14:47:32Z">
          <reporter-output>
          </reporter-output>
        </test-method> <!-- closeBrowser -->
      </class> <!-- dps.com.testproj.CheckBrokenLink -->
      <class name="dps.com.testproj.NewTest3">
        <test-method status="FAIL" signature="startTrellShopWebsite(java.lang.String)[pri:0, instance:dps.com.testproj.NewTest3@184cf7cf]" name="startTrellShopWebsite" duration-ms="30037" started-at="2021-07-30T14:47:00Z" data-provider="getData" finished-at="2021-07-30T14:47:30Z">
          <params>
            <param index="0">
              <value>
                <![CDATA[Lakme Eyeconic Kajal]]>
              </value>
            </param>
          </params>
          <exception class="org.openqa.selenium.TimeoutException">
            <message>
              <![CDATA[Expected condition failed: waiting for visibility of element located by By.cssSelector: #search-input (tried for 30 second(s) with 500 milliseconds interval)]]>
            </message>
            <full-stacktrace>
              <![CDATA[org.openqa.selenium.TimeoutException: Expected condition failed: waiting for visibility of element located by By.cssSelector: #search-input (tried for 30 second(s) with 500 milliseconds interval)
	at org.openqa.selenium.support.ui.WebDriverWait.timeoutException(WebDriverWait.java:95)
	at org.openqa.selenium.support.ui.FluentWait.until(FluentWait.java:272)
	at dps.com.testproj.NewTest3.startTrellShopWebsite(NewTest3.java:38)
	at sun.reflect.NativeMethodAccessorImpl.invoke0(Native Method)
	at sun.reflect.NativeMethodAccessorImpl.invoke(NativeMethodAccessorImpl.java:62)
	at sun.reflect.DelegatingMethodAccessorImpl.invoke(DelegatingMethodAccessorImpl.java:43)
	at java.lang.reflect.Method.invoke(Method.java:498)
	at org.testng.internal.MethodInvocationHelper.invokeMethod(MethodInvocationHelper.java:86)
	at org.testng.internal.Invoker.invokeMethod(Invoker.java:643)
	at org.testng.internal.Invoker.invokeTestMethod(Invoker.java:820)
	at org.testng.internal.Invoker.invokeTestMethods(Invoker.java:1128)
	at org.testng.internal.TestMethodWorker.invokeTestMethods(TestMethodWorker.java:129)
	at org.testng.internal.TestMethodWorker.run(TestMethodWorker.java:112)
	at org.testng.TestRunner.privateRun(TestRunner.java:782)
	at org.testng.TestRunner.run(TestRunner.java:632)
	at org.testng.SuiteRunner.runTest(SuiteRunner.java:366)
	at org.testng.SuiteRunner.runSequentially(SuiteRunner.java:361)
	at org.testng.SuiteRunner.privateRun(SuiteRunner.java:319)
	at org.testng.SuiteRunner.run(SuiteRunner.java:268)
	at org.testng.SuiteRunnerWorker.runSuite(SuiteRunnerWorker.java:52)
	at org.testng.SuiteRunnerWorker.run(SuiteRunnerWorker.java:86)
	at org.testng.TestNG.runSuitesSequentially(TestNG.java:1244)
	at org.testng.TestNG.runSuitesLocally(TestNG.java:1169)
	at org.testng.TestNG.run(TestNG.java:1064)
	at org.apache.maven.surefire.testng.TestNGExecutor.run(TestNGExecutor.java:283)
	at org.apache.maven.surefire.testng.TestNGXmlTestSuite.execute(TestNGXmlTestSuite.java:75)
	at org.apache.maven.surefire.testng.TestNGProvider.invoke(TestNGProvider.java:120)
	at org.apache.maven.surefire.booter.ForkedBooter.runSuitesInProcess(ForkedBooter.java:377)
	at org.apache.maven.surefire.booter.ForkedBooter.execute(ForkedBooter.java:138)
	at org.apache.maven.surefire.booter.ForkedBooter.run(ForkedBooter.java:465)
	at org.apache.maven.surefire.booter.ForkedBooter.main(ForkedBooter.java:451)
Caused by: org.openqa.selenium.NoSuchElementException: Returned node (null) was not a DOM element
For documentation on this error, please visit: https://www.seleniumhq.org/exceptions/no_such_element.html
Build info: version: '3.141.59', revision: 'e82be7d358', time: '2018-11-14T08:17:03'
System info: host: 'DESKTOP-0EP1HI9', ip: '192.168.56.1', os.name: 'Windows 10', os.arch: 'amd64', os.version: '10.0', java.version: '1.8.0_291'
Driver info: driver.version: HtmlUnitDriver
	at org.openqa.selenium.htmlunit.HtmlUnitDriver.findElementByCssSelector(HtmlUnitDriver.java:1317)
	at org.openqa.selenium.By$ByCssSelector.findElement(By.java:431)
	at org.openqa.selenium.htmlunit.HtmlUnitDriver$4.call(HtmlUnitDriver.java:2043)
	at org.openqa.selenium.htmlunit.HtmlUnitDriver$4.call(HtmlUnitDriver.java:2039)
	at org.openqa.selenium.htmlunit.HtmlUnitDriver.implicitlyWaitFor(HtmlUnitDriver.java:1660)
	at org.openqa.selenium.htmlunit.HtmlUnitDriver.findElement(HtmlUnitDriver.java:2039)
	at org.openqa.selenium.htmlunit.HtmlUnitDriver.findElement(HtmlUnitDriver.java:811)
	at org.openqa.selenium.support.ui.ExpectedConditions$7.apply(ExpectedConditions.java:205)
	at org.openqa.selenium.support.ui.ExpectedConditions$7.apply(ExpectedConditions.java:201)
	at org.openqa.selenium.support.ui.FluentWait.until(FluentWait.java:249)
	... 29 more
]]>
            </full-stacktrace>
          </exception> <!-- org.openqa.selenium.TimeoutException -->
          <reporter-output>
          </reporter-output>
        </test-method> <!-- startTrellShopWebsite -->
      </class> <!-- dps.com.testproj.NewTest3 -->
      <class name="dps.com.testproj.NewTest1">
        <test-method status="PASS" signature="startTestOne()[pri:0, instance:dps.com.testproj.NewTest1@4fe767f3]" name="startTestOne" duration-ms="7" started-at="2021-07-30T14:46:59Z" finished-at="2021-07-30T14:46:59Z">
          <reporter-output>
          </reporter-output>
        </test-method> <!-- startTestOne -->
      </class> <!-- dps.com.testproj.NewTest1 -->
      <class name="dps.com.testproj.NewTest2">
        <test-method status="FAIL" signature="startFirefox()[pri:0, instance:dps.com.testproj.NewTest2@2805c96b]" name="startFirefox" duration-ms="192" started-at="2021-07-30T14:46:59Z" finished-at="2021-07-30T14:46:59Z">
          <exception class="org.openqa.selenium.NoSuchElementException">
            <message>
              <![CDATA[Unable to locate a node using //button[@class='initial active']
For documentation on this error, please visit: https://www.seleniumhq.org/exceptions/no_such_element.html
Build info: version: '3.141.59', revision: 'e82be7d358', time: '2018-11-14T08:17:03'
System info: host: 'DESKTOP-0EP1HI9', ip: '192.168.56.1', os.name: 'Windows 10', os.arch: 'amd64', os.version: '10.0', java.version: '1.8.0_291'
Driver info: driver.version: HtmlUnitDriver]]>
            </message>
            <full-stacktrace>
              <![CDATA[org.openqa.selenium.NoSuchElementException: Unable to locate a node using //button[@class='initial active']
For documentation on this error, please visit: https://www.seleniumhq.org/exceptions/no_such_element.html
Build info: version: '3.141.59', revision: 'e82be7d358', time: '2018-11-14T08:17:03'
System info: host: 'DESKTOP-0EP1HI9', ip: '192.168.56.1', os.name: 'Windows 10', os.arch: 'amd64', os.version: '10.0', java.version: '1.8.0_291'
Driver info: driver.version: HtmlUnitDriver
	at org.openqa.selenium.htmlunit.HtmlUnitDriver.findElementByXPath(HtmlUnitDriver.java:1422)
	at org.openqa.selenium.By$ByXPath.findElement(By.java:353)
	at org.openqa.selenium.htmlunit.HtmlUnitDriver$4.call(HtmlUnitDriver.java:2043)
	at org.openqa.selenium.htmlunit.HtmlUnitDriver$4.call(HtmlUnitDriver.java:2039)
	at org.openqa.selenium.htmlunit.HtmlUnitDriver.implicitlyWaitFor(HtmlUnitDriver.java:1660)
	at org.openqa.selenium.htmlunit.HtmlUnitDriver.findElement(HtmlUnitDriver.java:2039)
	at org.openqa.selenium.htmlunit.HtmlUnitDriver.findElement(HtmlUnitDriver.java:811)
	at dps.com.testproj.PageFactory.btnMenuClose(PageFactory.java:38)
	at dps.com.testproj.NewTest2.startFirefox(NewTest2.java:37)
	at sun.reflect.NativeMethodAccessorImpl.invoke0(Native Method)
	at sun.reflect.NativeMethodAccessorImpl.invoke(NativeMethodAccessorImpl.java:62)
	at sun.reflect.DelegatingMethodAccessorImpl.invoke(DelegatingMethodAccessorImpl.java:43)
	at java.lang.reflect.Method.invoke(Method.java:498)
	at org.testng.internal.MethodInvocationHelper.invokeMethod(MethodInvocationHelper.java:86)
	at org.testng.internal.Invoker.invokeMethod(Invoker.java:643)
	at org.testng.internal.Invoker.invokeTestMethod(Invoker.java:820)
	at org.testng.internal.Invoker.invokeTestMethods(Invoker.java:1128)
	at org.testng.internal.TestMethodWorker.invokeTestMethods(TestMethodWorker.java:129)
	at org.testng.internal.TestMethodWorker.run(TestMethodWorker.java:112)
	at org.testng.TestRunner.privateRun(TestRunner.java:782)
	at org.testng.TestRunner.run(TestRunner.java:632)
	at org.testng.SuiteRunner.runTest(SuiteRunner.java:366)
	at org.testng.SuiteRunner.runSequentially(SuiteRunner.java:361)
	at org.testng.SuiteRunner.privateRun(SuiteRunner.java:319)
	at org.testng.SuiteRunner.run(SuiteRunner.java:268)
	at org.testng.SuiteRunnerWorker.runSuite(SuiteRunnerWorker.java:52)
	at org.testng.SuiteRunnerWorker.run(SuiteRunnerWorker.java:86)
	at org.testng.TestNG.runSuitesSequentially(TestNG.java:1244)
	at org.testng.TestNG.runSuitesLocally(TestNG.java:1169)
	at org.testng.TestNG.run(TestNG.java:1064)
	at org.apache.maven.surefire.testng.TestNGExecutor.run(TestNGExecutor.java:283)
	at org.apache.maven.surefire.testng.TestNGXmlTestSuite.execute(TestNGXmlTestSuite.java:75)
	at org.apache.maven.surefire.testng.TestNGProvider.invoke(TestNGProvider.java:120)
	at org.apache.maven.surefire.booter.ForkedBooter.runSuitesInProcess(ForkedBooter.java:377)
	at org.apache.maven.surefire.booter.ForkedBooter.execute(ForkedBooter.java:138)
	at org.apache.maven.surefire.booter.ForkedBooter.run(ForkedBooter.java:465)
	at org.apache.maven.surefire.booter.ForkedBooter.main(ForkedBooter.java:451)
]]>
            </full-stacktrace>
          </exception> <!-- org.openqa.selenium.NoSuchElementException -->
          <reporter-output>
          </reporter-output>
        </test-method> <!-- startFirefox -->
      </class> <!-- dps.com.testproj.NewTest2 -->
    </test> <!-- TestFirst -->
  </suite> <!-- Suite -->
</testng-results>
